<?xml version="1.0" encoding="UTF-8"?>
<!-- Generated by org.testng.reporters.JUnitReportReporter -->
<testsuite skipped="0" hostname="DESKTOP-IKBH1MC" name="testSecnarios.TestSecnario1" tests="1" failures="0" timestamp="13 Oct 2019 04:47:38 GMT" time="3.680" errors="0">
  <testcase name="VerifyTipAmountAndTotalBillAmount" time="3.680" classname="testSecnarios.TestSecnario1"/>
</testsuite> <!-- testSecnarios.TestSecnario1 -->
