<?xml version="1.0" encoding="UTF-8"?>
<!-- Generated by org.testng.reporters.JUnitReportReporter -->
<testsuite skipped="0" hostname="DESKTOP-IKBH1MC" name="com.wundermobility.fastip.tests.VerifyTotalBillValue" tests="1" failures="0" timestamp="13 Oct 2019 06:12:32 GMT" time="3.210" errors="0">
  <testcase name="VerifyTipAmountAndTotalBillAmount" time="3.210" classname="com.wundermobility.fastip.tests.VerifyTotalBillValue"/>
</testsuite> <!-- com.wundermobility.fastip.tests.VerifyTotalBillValue -->
