<?xml version="1.0" encoding="UTF-8"?>
<!-- Generated by org.testng.reporters.JUnitReportReporter -->
<testsuite skipped="0" hostname="DESKTOP-IKBH1MC" name="testSecnarios.TestSecnario2" tests="1" failures="0" timestamp="13 Oct 2019 05:08:02 GMT" time="7.127" errors="0">
  <testcase name="VerifyTipAmountAndTotalBillAmount" time="7.127" classname="testSecnarios.TestSecnario2"/>
</testsuite> <!-- testSecnarios.TestSecnario2 -->
