<?xml version="1.0" encoding="UTF-8"?>
<!-- Generated by org.testng.reporters.JUnitReportReporter -->
<testsuite skipped="0" hostname="DESKTOP-IKBH1MC" name="testSecnarios.VerifyUpdatedTipValue" tests="1" failures="0" timestamp="13 Oct 2019 05:21:24 GMT" time="7.056" errors="0">
  <testcase name="UpdateTipValueAndVerifyTipAmountAndTotalBillAmount" time="7.056" classname="testSecnarios.VerifyUpdatedTipValue"/>
</testsuite> <!-- testSecnarios.VerifyUpdatedTipValue -->
