<?xml version="1.0" encoding="UTF-8"?>
<!-- Generated by org.testng.reporters.JUnitReportReporter -->
<testsuite skipped="0" hostname="DESKTOP-IKBH1MC" name="com.wundermobility.fastip.tests.VerifyUpdatedTipValue" tests="1" failures="0" timestamp="13 Oct 2019 06:12:32 GMT" time="6.309" errors="0">
  <testcase name="UpdateTipValueAndVerifyTipAmountAndTotalBillAmount" time="6.309" classname="com.wundermobility.fastip.tests.VerifyUpdatedTipValue"/>
</testsuite> <!-- com.wundermobility.fastip.tests.VerifyUpdatedTipValue -->
